  CButtons.cpp
C:\Users\trand\Documents\GITHUB\SFML_PROJECT\SFML\SFML\CButtons.cpp(169,33): warning C4244: 'return': conversion from 'T' to 'int', possible loss of data
          with
          [
              T=float
          ]
C:\Users\trand\Documents\GITHUB\SFML_PROJECT\SFML\SFML\CButtons.cpp(174,33): warning C4244: 'return': conversion from 'T' to 'int', possible loss of data
          with
          [
              T=float
          ]
  CPopOutMenu.cpp
C:\Users\trand\Documents\GITHUB\SFML_PROJECT\SFML\SFML\CPopOutMenu.cpp(20,23): warning C4154: deletion of an array expression; conversion to pointer supplied
C:\Users\trand\Documents\GITHUB\SFML_PROJECT\SFML\SFML\CPopOutMenu.cpp(36,24): warning C4244: '=': conversion from 'float' to 'int', possible loss of data
C:\Users\trand\Documents\GITHUB\SFML_PROJECT\SFML\SFML\CPopOutMenu.cpp(41,73): warning C4244: 'argument': conversion from 'T' to 'float', possible loss of data
          with
          [
              T=unsigned int
          ]
C:\Users\trand\Documents\GITHUB\SFML_PROJECT\SFML\SFML\CPopOutMenu.cpp(41,45): warning C4244: 'argument': conversion from 'T' to 'float', possible loss of data
          with
          [
              T=unsigned int
          ]
  Main.cpp
C:\Users\trand\Documents\GITHUB\SFML_PROJECT\SFML\SFML\Main.cpp(93,94): warning C4244: 'argument': conversion from 'unsigned int' to 'T', possible loss of data
          with
          [
              T=float
          ]
C:\Users\trand\Documents\GITHUB\SFML_PROJECT\SFML\SFML\Main.cpp(93,71): warning C4244: 'argument': conversion from 'unsigned int' to 'T', possible loss of data
          with
          [
              T=float
          ]
C:\Users\trand\Documents\GITHUB\SFML_PROJECT\SFML\SFML\Main.cpp(119,30): warning C4305: 'argument': truncation from 'double' to 'float'
C:\Users\trand\Documents\GITHUB\SFML_PROJECT\SFML\SFML\Main.cpp(128,30): warning C4305: 'argument': truncation from 'double' to 'float'
C:\Users\trand\Documents\GITHUB\SFML_PROJECT\SFML\SFML\Main.cpp(183,105): warning C4244: 'argument': conversion from 'T' to 'T', possible loss of data
          with
          [
              T=unsigned int
          ]
          and
          [
              T=float
          ]
C:\Users\trand\Documents\GITHUB\SFML_PROJECT\SFML\SFML\Main.cpp(183,76): warning C4244: 'argument': conversion from 'T' to 'T', possible loss of data
          with
          [
              T=unsigned int
          ]
          and
          [
              T=float
          ]
  Generating Code...
  SFML.vcxproj -> C:\Users\trand\Documents\GITHUB\SFML_PROJECT\SFML\Debug\SFML.exe
