  CBrush.cpp
C:\Users\trand\Documents\GITHUB\SFML_PROJECT\SFML\SFML\CBrush.cpp(50,27): warning C4244: 'argument': conversion from 'int' to 'float', possible loss of data
C:\Users\trand\Documents\GITHUB\SFML_PROJECT\SFML\SFML\CBrush.cpp(54,18): warning C4244: 'argument': conversion from 'int' to 'float', possible loss of data
C:\Users\trand\Documents\GITHUB\SFML_PROJECT\SFML\SFML\CBrush.cpp(60,27): warning C4244: 'argument': conversion from 'int' to 'float', possible loss of data
C:\Users\trand\Documents\GITHUB\SFML_PROJECT\SFML\SFML\CBrush.cpp(64,18): warning C4244: 'argument': conversion from 'int' to 'float', possible loss of data
C:\Users\trand\Documents\GITHUB\SFML_PROJECT\SFML\SFML\CBrush.cpp(70,27): warning C4244: 'argument': conversion from 'int' to 'float', possible loss of data
C:\Users\trand\Documents\GITHUB\SFML_PROJECT\SFML\SFML\CBrush.cpp(75,18): warning C4244: 'argument': conversion from 'int' to 'float', possible loss of data
C:\Users\trand\Documents\GITHUB\SFML_PROJECT\SFML\SFML\CBrush.cpp(81,27): warning C4244: 'argument': conversion from 'int' to 'float', possible loss of data
C:\Users\trand\Documents\GITHUB\SFML_PROJECT\SFML\SFML\CBrush.cpp(85,18): warning C4244: 'argument': conversion from 'int' to 'float', possible loss of data
C:\Users\trand\Documents\GITHUB\SFML_PROJECT\SFML\SFML\CBrush.cpp(95,27): warning C4244: 'argument': conversion from 'int' to 'float', possible loss of data
C:\Users\trand\Documents\GITHUB\SFML_PROJECT\SFML\SFML\CBrush.cpp(99,18): warning C4244: 'argument': conversion from 'int' to 'float', possible loss of data
  CButtons.cpp
C:\Users\trand\Documents\GITHUB\SFML_PROJECT\SFML\SFML\CButtons.cpp(178,33): warning C4244: 'return': conversion from 'T' to 'int', possible loss of data
          with
          [
              T=float
          ]
C:\Users\trand\Documents\GITHUB\SFML_PROJECT\SFML\SFML\CButtons.cpp(183,33): warning C4244: 'return': conversion from 'T' to 'int', possible loss of data
          with
          [
              T=float
          ]
  CCanvas.cpp
  Main.cpp
C:\Users\trand\Documents\GITHUB\SFML_PROJECT\SFML\SFML\Main.cpp(83,24): warning C4244: '=': conversion from 'float' to 'int', possible loss of data
C:\Users\trand\Documents\GITHUB\SFML_PROJECT\SFML\SFML\Main.cpp(120,94): warning C4244: 'argument': conversion from 'unsigned int' to 'T', possible loss of data
          with
          [
              T=float
          ]
C:\Users\trand\Documents\GITHUB\SFML_PROJECT\SFML\SFML\Main.cpp(120,71): warning C4244: 'argument': conversion from 'unsigned int' to 'T', possible loss of data
          with
          [
              T=float
          ]
C:\Users\trand\Documents\GITHUB\SFML_PROJECT\SFML\SFML\Main.cpp(146,30): warning C4305: 'argument': truncation from 'double' to 'float'
C:\Users\trand\Documents\GITHUB\SFML_PROJECT\SFML\SFML\Main.cpp(155,30): warning C4305: 'argument': truncation from 'double' to 'float'
C:\Users\trand\Documents\GITHUB\SFML_PROJECT\SFML\SFML\Main.cpp(241,105): warning C4244: 'argument': conversion from 'T' to 'T', possible loss of data
          with
          [
              T=unsigned int
          ]
          and
          [
              T=float
          ]
C:\Users\trand\Documents\GITHUB\SFML_PROJECT\SFML\SFML\Main.cpp(241,76): warning C4244: 'argument': conversion from 'T' to 'T', possible loss of data
          with
          [
              T=unsigned int
          ]
          and
          [
              T=float
          ]
  Generating code
  Previous IPDB not found, fall back to full compilation.
  All 188 functions were compiled because no usable IPDB/IOBJ from previous compilation was found.
  Finished generating code
  SFML.vcxproj -> C:\Users\trand\Documents\GITHUB\SFML_PROJECT\SFML\Release\SFML.exe
