c:\users\trand\documents\github\sfml_project\sfml\sfml\release\vc142.pdb
c:\users\trand\documents\github\sfml_project\sfml\sfml\release\main.obj
c:\users\trand\documents\github\sfml_project\sfml\sfml\release\ccanvas.obj
c:\users\trand\documents\github\sfml_project\sfml\sfml\release\cbuttons.obj
c:\users\trand\documents\github\sfml_project\sfml\sfml\release\cbrush.obj
c:\users\trand\documents\github\sfml_project\sfml\release\sfml.exe
c:\users\trand\documents\github\sfml_project\sfml\sfml\release\sfml.ipdb
c:\users\trand\documents\github\sfml_project\sfml\sfml\release\sfml.iobj
c:\users\trand\documents\github\sfml_project\sfml\release\sfml.pdb
d:\users\mds00002d0\documents\github\sfml_project\sfml\release\sfml.ipdb
d:\users\mds00002d0\documents\github\sfml_project\sfml\release\sfml.iobj
c:\users\trand\documents\github\sfml_project\sfml\release\sfml.ipdb
c:\users\trand\documents\github\sfml_project\sfml\release\sfml.iobj
c:\users\trand\documents\github\sfml_project\sfml\sfml\release\ccollider.obj
c:\users\trand\documents\github\sfml_project\sfml\sfml\release\citem.obj
c:\users\trand\documents\github\sfml_project\sfml\sfml\release\cmath.obj
c:\users\trand\documents\github\sfml_project\sfml\sfml\release\sfml.tlog\cl.command.1.tlog
c:\users\trand\documents\github\sfml_project\sfml\sfml\release\sfml.tlog\cl.read.1.tlog
c:\users\trand\documents\github\sfml_project\sfml\sfml\release\sfml.tlog\cl.write.1.tlog
c:\users\trand\documents\github\sfml_project\sfml\sfml\release\sfml.tlog\link.command.1.tlog
c:\users\trand\documents\github\sfml_project\sfml\sfml\release\sfml.tlog\link.delete.1.tlog
c:\users\trand\documents\github\sfml_project\sfml\sfml\release\sfml.tlog\link.read.1.tlog
c:\users\trand\documents\github\sfml_project\sfml\sfml\release\sfml.tlog\link.write.1.tlog
c:\users\trand\documents\github\sfml_project\sfml\sfml\release\sfml.tlog\sfml.write.1u.tlog
